2023-09-09 07:21:09 | ERROR - An error has been caught in function '_run', process 'MainProcess' (3499), thread 'MainThread' (140115130833984):- {}
Traceback (most recent call last):
  File "/home/runner/work/epic/epic/epic/src/claim.py", line 94, in <module>
    asyncio.run(run())
  File "/opt/hostedtoolcache/Python/3.10.13/x64/lib/python3.10/asyncio/runners.py", line 44, in run
    return loop.run_until_complete(main)
  File "/opt/hostedtoolcache/Python/3.10.13/x64/lib/python3.10/asyncio/base_events.py", line 636, in run_until_complete
    self.run_forever()
  File "/opt/hostedtoolcache/Python/3.10.13/x64/lib/python3.10/asyncio/base_events.py", line 603, in run_forever
    self._run_once()
  File "/opt/hostedtoolcache/Python/3.10.13/x64/lib/python3.10/asyncio/base_events.py", line 1909, in _run_once
    handle._run()
> File "/opt/hostedtoolcache/Python/3.10.13/x64/lib/python3.10/asyncio/events.py", line 80, in _run
    self._context.run(self._callback, *self._args)
  File "/home/runner/work/epic/epic/epic/src/claim.py", line 90, in run
    await agent.execute(sequence=[claim_epic_games], headless=True)
  File "/home/runner/work/epic/epic/epic/src/services/models.py", line 113, in execute
    await container(context)
  File "/home/runner/work/epic/epic/epic/src/claim.py", line 79, in claim_epic_games
    await epic.claim_weekly_games(page, promotions)
  File "/home/runner/work/epic/epic/epic/src/services/agents/epic_games.py", line 176, in claim_weekly_games
    await expect(cta_btn).to_have_text("View In Cart")
  File "/opt/hostedtoolcache/Python/3.10.13/x64/lib/python3.10/site-packages/playwright/async_api/_generated.py", line 19964, in to_have_text
    await self._impl_obj.to_have_text(
  File "/opt/hostedtoolcache/Python/3.10.13/x64/lib/python3.10/site-packages/playwright/_impl/_assertions.py", line 455, in to_have_text
    await self._expect_impl(
  File "/opt/hostedtoolcache/Python/3.10.13/x64/lib/python3.10/site-packages/playwright/_impl/_assertions.py", line 70, in _expect_impl
    raise AssertionError(f"{out_message}\nActual value: {actual} {log}")
AssertionError: Locator expected to have text 'View In Cart'
Actual value: None 
Call log:
LocatorAssertions.to_have_text with timeout 5000ms
waiting for locator("xpath=//aside//button[@data-testid='add-to-cart-cta-button']")
